<<<<<<< .mine
2013-02-26T13:35:11+01:00 NOTICE (5): Check the page address for mistakes.<br />Or it could be some moronic PHP programming error by <strong>Figura4</strong>.<br /> Contact him at <strong>figura4 (snail) figura4 (dot) com</strong> and let him know!
2013-02-26T13:35:11+01:00 NOTICE (5): Request Parameters
2013-02-26T13:35:19+01:00 EMERG (0): list: book
2013-02-26T13:37:49+01:00 EMERG (0): list: book
2013-02-26T13:41:56+01:00 EMERG (0): list: book
2013-02-26T13:42:33+01:00 EMERG (0): list: book
2013-02-26T13:43:12+01:00 EMERG (0): list: book
2013-02-26T13:43:58+01:00 EMERG (0): list: book
2013-02-26T13:45:13+01:00 EMERG (0): list: book
2013-02-26T13:50:52+01:00 EMERG (0): list: book
2013-02-26T13:58:51+01:00 EMERG (0): list: book
2013-02-26T13:59:04+01:00 EMERG (0): list: book
2013-02-26T14:14:24+01:00 EMERG (0): list: book
2013-02-26T14:17:58+01:00 EMERG (0): list: book
2013-02-26T14:18:40+01:00 EMERG (0): list: book
2013-02-26T14:19:32+01:00 EMERG (0): list: book
2013-02-26T14:21:26+01:00 EMERG (0): list: book
2013-02-26T14:21:26+01:00 CRIT (2): Probably some moronic PHP programming error by <strong>Figura4</strong>.<br /> Contact him at <strong>figura4 (snail) figura4 (dot) com</strong> and let him know!
2013-02-26T14:21:26+01:00 CRIT (2): Request Parameters
2013-02-26T14:27:49+01:00 EMERG (0): list: book
2013-02-26T14:27:49+01:00 CRIT (2): Probably some moronic PHP programming error by <strong>Figura4</strong>.<br /> Contact him at <strong>figura4 (snail) figura4 (dot) com</strong> and let him know!
2013-02-26T14:27:49+01:00 CRIT (2): Request Parameters
2013-02-26T14:29:24+01:00 EMERG (0): list: book
2013-02-26T14:29:24+01:00 CRIT (2): Probably some moronic PHP programming error by <strong>Figura4</strong>.<br /> Contact him at <strong>figura4 (snail) figura4 (dot) com</strong> and let him know!
2013-02-26T14:29:24+01:00 CRIT (2): Request Parameters
2013-02-26T14:30:20+01:00 EMERG (0): list: book
2013-02-26T14:30:20+01:00 CRIT (2): Probably some moronic PHP programming error by <strong>Figura4</strong>.<br /> Contact him at <strong>figura4 (snail) figura4 (dot) com</strong> and let him know!
2013-02-26T14:30:20+01:00 CRIT (2): Request Parameters
2013-02-26T14:30:54+01:00 EMERG (0): list: book
2013-02-26T14:30:54+01:00 CRIT (2): Probably some moronic PHP programming error by <strong>Figura4</strong>.<br /> Contact him at <strong>figura4 (snail) figura4 (dot) com</strong> and let him know!
2013-02-26T14:30:54+01:00 CRIT (2): Request Parameters
2013-02-26T14:31:53+01:00 EMERG (0): list: book
2013-02-26T14:32:50+01:00 EMERG (0): list: book
2013-02-26T14:33:34+01:00 EMERG (0): list: book
2013-02-26T14:35:07+01:00 EMERG (0): list: movie
2013-02-26T14:35:15+01:00 EMERG (0): list: tv
2013-02-26T15:30:23+01:00 NOTICE (5): Check the page address for mistakes.<br />Or it could be some moronic PHP programming error by <strong>Figura4</strong>.<br /> Contact him at <strong>figura4 (snail) figura4 (dot) com</strong> and let him know!
2013-02-26T15:30:23+01:00 NOTICE (5): Request Parameters
2013-02-26T16:43:28+01:00 NOTICE (5): Check the page address for mistakes.<br />Or it could be some moronic PHP programming error by <strong>Figura4</strong>.<br /> Contact him at <strong>figura4 (snail) figura4 (dot) com</strong> and let him know!
2013-02-26T16:43:28+01:00 NOTICE (5): Request Parameters
2013-02-26T16:43:31+01:00 NOTICE (5): Check the page address for mistakes.<br />Or it could be some moronic PHP programming error by <strong>Figura4</strong>.<br /> Contact him at <strong>figura4 (snail) figura4 (dot) com</strong> and let him know!
2013-02-26T16:43:31+01:00 NOTICE (5): Request Parameters
2013-02-26T16:43:54+01:00 NOTICE (5): Check the page address for mistakes.<br />Or it could be some moronic PHP programming error by <strong>Figura4</strong>.<br /> Contact him at <strong>figura4 (snail) figura4 (dot) com</strong> and let him know!
2013-02-26T16:43:54+01:00 NOTICE (5): Request Parameters
2013-02-26T16:44:01+01:00 CRIT (2): Probably some moronic PHP programming error by <strong>Figura4</strong>.<br /> Contact him at <strong>figura4 (snail) figura4 (dot) com</strong> and let him know!
2013-02-26T16:44:01+01:00 CRIT (2): Request Parameters
2013-02-26T16:50:36+01:00 NOTICE (5): Check the page address for mistakes.<br />Or it could be some moronic PHP programming error by <strong>Figura4</strong>.<br /> Contact him at <strong>figura4 (snail) figura4 (dot) com</strong> and let him know!
2013-02-26T16:50:36+01:00 NOTICE (5): Request Parameters
2013-02-26T16:51:30+01:00 EMERG (0): list: book
2013-02-26T16:51:59+01:00 NOTICE (5): Check the page address for mistakes.<br />Or it could be some moronic PHP programming error by <strong>Figura4</strong>.<br /> Contact him at <strong>figura4 (snail) figura4 (dot) com</strong> and let him know!
2013-02-26T16:51:59+01:00 NOTICE (5): Request Parameters
2013-02-26T16:54:51+01:00 CRIT (2): Probably some moronic PHP programming error by <strong>Figura4</strong>.<br /> Contact him at <strong>figura4 (snail) figura4 (dot) com</strong> and let him know!
2013-02-26T16:54:51+01:00 CRIT (2): Request Parameters
2013-02-26T16:55:49+01:00 CRIT (2): Probably some moronic PHP programming error by <strong>Figura4</strong>.<br /> Contact him at <strong>figura4 (snail) figura4 (dot) com</strong> and let him know!
2013-02-26T16:55:49+01:00 CRIT (2): Request Parameters
2013-02-26T16:57:22+01:00 CRIT (2): Probably some moronic PHP programming error by <strong>Figura4</strong>.<br /> Contact him at <strong>figura4 (snail) figura4 (dot) com</strong> and let him know!
2013-02-26T16:57:22+01:00 CRIT (2): Request Parameters
2013-02-26T17:08:44+01:00 CRIT (2): Probably some moronic PHP programming error by <strong>Figura4</strong>.<br /> Contact him at <strong>figura4 (snail) figura4 (dot) com</strong> and let him know!
2013-02-26T17:08:44+01:00 CRIT (2): Request Parameters
2013-02-26T17:09:02+01:00 CRIT (2): Probably some moronic PHP programming error by <strong>Figura4</strong>.<br /> Contact him at <strong>figura4 (snail) figura4 (dot) com</strong> and let him know!
2013-02-26T17:09:02+01:00 CRIT (2): Request Parameters
2013-02-26T17:09:52+01:00 CRIT (2): Probably some moronic PHP programming error by <strong>Figura4</strong>.<br /> Contact him at <strong>figura4 (snail) figura4 (dot) com</strong> and let him know!
2013-02-26T17:09:52+01:00 CRIT (2): Request Parameters
2013-02-26T17:11:01+01:00 CRIT (2): Probably some moronic PHP programming error by <strong>Figura4</strong>.<br /> Contact him at <strong>figura4 (snail) figura4 (dot) com</strong> and let him know!
2013-02-26T17:11:01+01:00 CRIT (2): Request Parameters
2013-02-26T17:11:07+01:00 CRIT (2): Probably some moronic PHP programming error by <strong>Figura4</strong>.<br /> Contact him at <strong>figura4 (snail) figura4 (dot) com</strong> and let him know!
2013-02-26T17:11:07+01:00 CRIT (2): Request Parameters
2013-02-26T17:12:52+01:00 CRIT (2): Probably some moronic PHP programming error by <strong>Figura4</strong>.<br /> Contact him at <strong>figura4 (snail) figura4 (dot) com</strong> and let him know!
2013-02-26T17:12:52+01:00 CRIT (2): Request Parameters
2013-02-26T17:12:54+01:00 CRIT (2): Probably some moronic PHP programming error by <strong>Figura4</strong>.<br /> Contact him at <strong>figura4 (snail) figura4 (dot) com</strong> and let him know!
2013-02-26T17:12:54+01:00 CRIT (2): Request Parameters
2013-02-26T17:13:47+01:00 CRIT (2): Probably some moronic PHP programming error by <strong>Figura4</strong>.<br /> Contact him at <strong>figura4 (snail) figura4 (dot) com</strong> and let him know!
2013-02-26T17:13:47+01:00 CRIT (2): Request Parameters
2013-02-26T17:22:18+01:00 CRIT (2): Probably some moronic PHP programming error by <strong>Figura4</strong>.<br /> Contact him at <strong>figura4 (snail) figura4 (dot) com</strong> and let him know!
2013-02-26T17:22:18+01:00 CRIT (2): Request Parameters
2013-02-26T17:23:00+01:00 NOTICE (5): Check the page address for mistakes.<br />Or it could be some moronic PHP programming error by <strong>Figura4</strong>.<br /> Contact him at <strong>figura4 (snail) figura4 (dot) com</strong> and let him know!
2013-02-26T17:23:00+01:00 NOTICE (5): Request Parameters
2013-02-26T17:25:06+01:00 NOTICE (5): Check the page address for mistakes.<br />Or it could be some moronic PHP programming error by <strong>Figura4</strong>.<br /> Contact him at <strong>figura4 (snail) figura4 (dot) com</strong> and let him know!
2013-02-26T17:25:06+01:00 NOTICE (5): Request Parameters
2013-02-26T17:25:17+01:00 NOTICE (5): Check the page address for mistakes.<br />Or it could be some moronic PHP programming error by <strong>Figura4</strong>.<br /> Contact him at <strong>figura4 (snail) figura4 (dot) com</strong> and let him know!
2013-02-26T17:25:17+01:00 NOTICE (5): Request Parameters
2013-02-26T17:26:11+01:00 NOTICE (5): Check the page address for mistakes.<br />Or it could be some moronic PHP programming error by <strong>Figura4</strong>.<br /> Contact him at <strong>figura4 (snail) figura4 (dot) com</strong> and let him know!
2013-02-26T17:26:11+01:00 NOTICE (5): Request Parameters
2013-02-26T17:26:44+01:00 NOTICE (5): Check the page address for mistakes.<br />Or it could be some moronic PHP programming error by <strong>Figura4</strong>.<br /> Contact him at <strong>figura4 (snail) figura4 (dot) com</strong> and let him know!
2013-02-26T17:26:44+01:00 NOTICE (5): Request Parameters
2013-02-26T17:26:46+01:00 NOTICE (5): Check the page address for mistakes.<br />Or it could be some moronic PHP programming error by <strong>Figura4</strong>.<br /> Contact him at <strong>figura4 (snail) figura4 (dot) com</strong> and let him know!
2013-02-26T17:26:46+01:00 NOTICE (5): Request Parameters
2013-02-26T17:27:10+01:00 NOTICE (5): Check the page address for mistakes.<br />Or it could be some moronic PHP programming error by <strong>Figura4</strong>.<br /> Contact him at <strong>figura4 (snail) figura4 (dot) com</strong> and let him know!
2013-02-26T17:27:10+01:00 NOTICE (5): Request Parameters
2013-02-26T17:30:09+01:00 NOTICE (5): Check the page address for mistakes.<br />Or it could be some moronic PHP programming error by <strong>Figura4</strong>.<br /> Contact him at <strong>figura4 (snail) figura4 (dot) com</strong> and let him know!
2013-02-26T17:30:09+01:00 NOTICE (5): Request Parameters
2013-02-26T17:36:08+01:00 EMERG (0): list: movie
2013-02-26T17:36:10+01:00 EMERG (0): list: book
2013-02-26T17:36:16+01:00 EMERG (0): list: book
2013-02-26T17:36:17+01:00 EMERG (0): list: movie
2013-02-26T17:36:19+01:00 EMERG (0): list: tv
2013-02-26T17:36:23+01:00 CRIT (2): Probably some moronic PHP programming error by <strong>Figura4</strong>.<br /> Contact him at <strong>figura4 (snail) figura4 (dot) com</strong> and let him know!
2013-02-26T17:36:23+01:00 CRIT (2): Request Parameters
2013-02-26T17:36:29+01:00 EMERG (0): list: movie
2013-02-26T17:36:32+01:00 EMERG (0): list: tv
2013-02-26T17:36:33+01:00 CRIT (2): Probably some moronic PHP programming error by <strong>Figura4</strong>.<br /> Contact him at <strong>figura4 (snail) figura4 (dot) com</strong> and let him know!
2013-02-26T17:36:33+01:00 CRIT (2): Request Parameters
2013-02-26T17:36:42+01:00 CRIT (2): Probably some moronic PHP programming error by <strong>Figura4</strong>.<br /> Contact him at <strong>figura4 (snail) figura4 (dot) com</strong> and let him know!
2013-02-26T17:36:42+01:00 CRIT (2): Request Parameters
2013-02-26T17:38:18+01:00 EMERG (0): list: tv
2013-02-26T17:42:22+01:00 EMERG (0): list: tv
2013-02-26T17:42:56+01:00 EMERG (0): list: tv
2013-02-26T17:43:32+01:00 EMERG (0): list: tv
2013-02-26T17:47:36+01:00 EMERG (0): list: book
2013-02-26T17:48:00+01:00 EMERG (0): list: book
2013-02-26T17:48:45+01:00 EMERG (0): list: book
2013-02-26T17:48:52+01:00 EMERG (0): list: book
2013-02-26T17:49:27+01:00 CRIT (2): Probably some moronic PHP programming error by <strong>Figura4</strong>.<br /> Contact him at <strong>figura4 (snail) figura4 (dot) com</strong> and let him know!
2013-02-26T17:49:27+01:00 CRIT (2): Request Parameters
2013-02-26T19:00:58+01:00 CRIT (2): Probably some moronic PHP programming error by <strong>Figura4</strong>.<br /> Contact him at <strong>figura4 (snail) figura4 (dot) com</strong> and let him know!
2013-02-26T19:00:58+01:00 CRIT (2): Request Parameters
2013-02-26T19:01:12+01:00 CRIT (2): Probably some moronic PHP programming error by <strong>Figura4</strong>.<br /> Contact him at <strong>figura4 (snail) figura4 (dot) com</strong> and let him know!
2013-02-26T19:01:12+01:00 CRIT (2): Request Parameters
2013-02-26T19:02:07+01:00 CRIT (2): Probably some moronic PHP programming error by <strong>Figura4</strong>.<br /> Contact him at <strong>figura4 (snail) figura4 (dot) com</strong> and let him know!
2013-02-26T19:02:07+01:00 CRIT (2): Request Parameters
2013-02-26T19:02:23+01:00 CRIT (2): Probably some moronic PHP programming error by <strong>Figura4</strong>.<br /> Contact him at <strong>figura4 (snail) figura4 (dot) com</strong> and let him know!
2013-02-26T19:02:23+01:00 CRIT (2): Request Parameters
2013-02-27T20:58:03+01:00 EMERG (0): list: book
2013-02-27T21:00:31+01:00 EMERG (0): list: book
2013-02-27T21:00:44+01:00 CRIT (2): Probably some moronic PHP programming error by <strong>Figura4</strong>.<br /> Contact him at <strong>figura4 (snail) figura4 (dot) com</strong> and let him know!
2013-02-27T21:00:44+01:00 CRIT (2): Request Parameters
2013-02-27T21:00:53+01:00 EMERG (0): list: book
2013-02-27T21:03:14+01:00 EMERG (0): list: movie
=======
2013-03-01T10:50:26+01:00 EMERG (0): list: book
2013-03-01T10:50:31+01:00 EMERG (0): list: book
2013-03-01T12:15:57+01:00 EMERG (0): list: book
2013-03-01T12:50:22+01:00 EMERG (0): list: book
2013-03-01T12:50:30+01:00 EMERG (0): list: book
2013-03-01T12:52:37+01:00 EMERG (0): list: book
2013-03-01T12:52:58+01:00 EMERG (0): list: movie
2013-03-01T12:53:09+01:00 EMERG (0): list: movie
2013-03-01T12:54:05+01:00 EMERG (0): list: book
2013-03-01T12:55:28+01:00 EMERG (0): list: book
2013-03-01T12:56:08+01:00 EMERG (0): list: movie
2013-03-01T12:56:24+01:00 EMERG (0): list: tv
2013-03-01T13:01:44+01:00 EMERG (0): list: book
2013-03-01T13:01:52+01:00 EMERG (0): list: book
2013-03-01T13:02:07+01:00 EMERG (0): list: book
2013-03-05T10:47:37+01:00 EMERG (0): id: 0
2013-03-05T10:48:02+01:00 EMERG (0): id: 
2013-03-05T10:48:21+01:00 EMERG (0): id: 23-dfdfd
2013-03-05T10:48:50+01:00 EMERG (0): id: 23
2013-03-05T10:50:11+01:00 EMERG (0): id: 
2013-03-05T10:50:36+01:00 EMERG (0): id: tv
2013-03-05T10:54:03+01:00 EMERG (0): id: tv
2013-03-05T10:56:23+01:00 EMERG (0): id: tv
2013-03-05T10:57:21+01:00 EMERG (0): id: tv
>>>>>>> .r103
2013-03-09T16:02:56+01:00 EMERG (0): spam: it is spam!
2013-03-09T16:02:56+01:00 EMERG (0): spam: it is spam!
2013-03-09T16:02:56+01:00 EMERG (0): spam: it is spam!
2013-03-09T16:02:56+01:00 EMERG (0): spam: it is spam!
2013-03-09T16:02:56+01:00 EMERG (0): spam: it is spam!
2013-03-09T16:02:56+01:00 EMERG (0): spam: it is spam!
2013-03-09T16:02:56+01:00 EMERG (0): spam: it is spam!
2013-03-09T16:02:56+01:00 EMERG (0): spam: it is spam!
2013-03-09T16:02:56+01:00 EMERG (0): spam: it is spam!
2013-03-09T16:02:56+01:00 EMERG (0): spam: it is spam!
2013-03-09T16:02:56+01:00 EMERG (0): spam: it is spam!
2013-03-09T16:02:56+01:00 EMERG (0): spam: it is spam!
2013-03-09T16:02:56+01:00 EMERG (0): spam: it is spam!
2013-03-09T16:02:56+01:00 EMERG (0): spam: it is spam!
2013-03-09T16:02:56+01:00 EMERG (0): spam: it is spam!
2013-03-09T16:02:56+01:00 EMERG (0): spam: it is spam!
2013-03-09T16:02:56+01:00 EMERG (0): spam: it is spam!
2013-03-09T16:02:56+01:00 EMERG (0): spam: it is spam!
2013-03-09T16:02:56+01:00 EMERG (0): spam: it is spam!
2013-03-09T16:02:56+01:00 EMERG (0): spam: it is spam!
2013-03-09T16:02:56+01:00 EMERG (0): spam: it is spam!
2013-03-09T16:03:31+01:00 EMERG (0): spam: it is spam!
2013-03-09T16:03:53+01:00 EMERG (0): spam: it is spam!
2013-03-09T16:04:10+01:00 EMERG (0): spam: it is spam!
